2019/04/14 23:26:32 [91120] receiving file list
2019/04/14 23:26:37 [91120] .d..t.... ./
2019/04/14 23:26:48 [91120] >f..t.... .DS_Store
2019/04/14 23:26:48 [91120] .d..t.... 2018/
2019/04/14 23:26:49 [91120] .d..t.... 2019/
2019/04/14 23:26:49 [91120] cd+++++++ 2019/2019-02-08/
2019/04/14 23:26:49 [91120] >f+++++++ 2019/2019-02-08/20190208_DSC08738_Garvey.ARW
2019/04/14 23:26:49 [91120] >f+++++++ 2019/2019-02-08/20190208_DSC08738_Garvey.JPG
2019/04/14 23:26:49 [91120] >f+++++++ 2019/2019-02-08/20190208_DSC08739_Garvey.ARW
2019/04/14 23:26:49 [91120] >f+++++++ 2019/2019-02-08/20190208_DSC08739_Garvey.JPG
2019/04/14 23:26:49 [91120] >f+++++++ 2019/2019-02-08/20190208_DSC08740_Garvey.ARW
2019/04/14 23:26:49 [91120] >f+++++++ 2019/2019-02-08/20190208_DSC08740_Garvey.JPG
2019/04/14 23:26:49 [91120] >f+++++++ 2019/2019-02-08/20190208_DSC08741_Garvey.ARW
2019/04/14 23:26:49 [91120] >f+++++++ 2019/2019-02-08/20190208_DSC08741_Garvey.JPG
2019/04/14 23:26:49 [91120] >f+++++++ 2019/2019-02-08/20190208_DSC08742_Garvey.ARW
2019/04/14 23:26:49 [91120] >f+++++++ 2019/2019-02-08/20190208_DSC08742_Garvey.JPG
2019/04/14 23:26:49 [91120] >f+++++++ 2019/2019-02-08/20190208_DSC08743_Garvey.ARW
2019/04/14 23:26:49 [91120] >f+++++++ 2019/2019-02-08/20190208_DSC08743_Garvey.JPG
2019/04/14 23:26:50 [91120] >f+++++++ 2019/2019-02-08/20190208_DSC08744_Garvey.ARW
2019/04/14 23:26:51 [91120] >f+++++++ 2019/2019-02-08/20190208_DSC08744_Garvey.JPG
2019/04/14 23:26:52 [91120] >f+++++++ 2019/2019-02-08/20190208_DSC08745_Garvey.ARW
2019/04/14 23:26:52 [91120] >f+++++++ 2019/2019-02-08/20190208_DSC08745_Garvey.JPG
2019/04/14 23:26:54 [91120] >f+++++++ 2019/2019-02-08/20190208_DSC08746_Garvey.ARW
2019/04/14 23:26:54 [91120] >f+++++++ 2019/2019-02-08/20190208_DSC08746_Garvey.JPG
2019/04/14 23:26:55 [91120] >f+++++++ 2019/2019-02-08/20190208_DSC08747_Garvey.ARW
2019/04/14 23:26:56 [91120] >f+++++++ 2019/2019-02-08/20190208_DSC08747_Garvey.JPG
2019/04/14 23:26:56 [91120] .d..t.... 2019/2019-02-27/
2019/04/14 23:26:57 [91120] >f+++++++ 2019/2019-02-27/20190227_DSC08748_Garvey.ARW
2019/04/14 23:26:57 [91120] >f+++++++ 2019/2019-02-27/20190227_DSC08748_Garvey.JPG
2019/04/14 23:26:57 [91120] cd+++++++ 2019/2019-03-02/
2019/04/14 23:26:58 [91120] >f+++++++ 2019/2019-03-02/20190302_DSC08758_Garvey.ARW
2019/04/14 23:26:59 [91120] >f+++++++ 2019/2019-03-02/20190302_DSC08758_Garvey.JPG
2019/04/14 23:27:00 [91120] >f+++++++ 2019/2019-03-02/20190302_DSC08759_Garvey.ARW
2019/04/14 23:27:00 [91120] >f+++++++ 2019/2019-03-02/20190302_DSC08759_Garvey.JPG
2019/04/14 23:27:02 [91120] >f+++++++ 2019/2019-03-02/20190302_DSC08760_Garvey.ARW
2019/04/14 23:27:02 [91120] >f+++++++ 2019/2019-03-02/20190302_DSC08760_Garvey.JPG
2019/04/14 23:27:03 [91120] >f+++++++ 2019/2019-03-02/20190302_DSC08761_Garvey.ARW
2019/04/14 23:27:04 [91120] >f+++++++ 2019/2019-03-02/20190302_DSC08761_Garvey.JPG
2019/04/14 23:27:05 [91120] >f+++++++ 2019/2019-03-02/20190302_DSC08762_Garvey.ARW
2019/04/14 23:27:06 [91120] >f+++++++ 2019/2019-03-02/20190302_DSC08762_Garvey.JPG
2019/04/14 23:27:07 [91120] rsync error: received SIGINT, SIGTERM, or SIGHUP (code 20) at /BuildRoot/Library/Caches/com.apple.xbs/Sources/rsync/rsync-52.200.1/rsync/rsync.c(244) [generator=2.6.9]
2019/04/14 23:27:07 [91120] rsync: writefd_unbuffered failed to write 172 bytes [generator]: Broken pipe (32)
